<?xml version="1.0" encoding="UTF-8"?>
<!-- Generated by org.testng.reporters.JUnitReportReporter -->
<testsuite hostname="LAPTOP-LVRJVU6R" failures="0" tests="3" name="Testing_Automation_project.TestNG_Basics" time="0.013" errors="0" timestamp="2021-11-30T12:20:47 IST" skipped="0">
  <testcase classname="Testing_Automation_project.TestNG_Basics" name="googleTitleList" time="0.007"/>
  <system-out/>
  <testcase classname="Testing_Automation_project.TestNG_Basics" name="searchTest" time="0.002"/>
  <system-out/>
  <testcase classname="Testing_Automation_project.TestNG_Basics" name="googleLogoTest" time="0.004"/>
  <system-out/>
</testsuite> <!-- Testing_Automation_project.TestNG_Basics -->
