<?xml version="1.0" encoding="UTF-8"?>
<!-- Generated by org.testng.reporters.JUnitReportReporter -->
<testsuite hostname="LAPTOP-LVRJVU6R" failures="0" tests="2" name="Testing_Automation_project.GoogleTitleTest" time="14.740" errors="0" timestamp="2021-11-30T18:05:45 IST" skipped="0">
  <testcase classname="Testing_Automation_project.GoogleTitleTest" name="googleTitleTest" time="7.373"/>
  <system-out/>
  <testcase classname="Testing_Automation_project.GoogleTitleTest" name="googleLogoTest" time="7.367"/>
  <system-out/>
</testsuite> <!-- Testing_Automation_project.GoogleTitleTest -->
