<?xml version="1.0" encoding="UTF-8"?>
<!-- Generated by org.testng.reporters.JUnitReportReporter -->
<testsuite hostname="LAPTOP-LVRJVU6R" failures="0" tests="3" name="Testing_Automation_project.Yahoo_SignUP_Auto" time="38.049" errors="0" timestamp="2021-12-16T21:20:11 IST" skipped="0">
  <testcase classname="Testing_Automation_project.Yahoo_SignUP_Auto" name="yahooCreateAccountTest" time="12.483"/>
  <system-out/>
  <testcase classname="Testing_Automation_project.Yahoo_SignUP_Auto" name="yahooCreateAccountTest" time="13.284"/>
  <system-out/>
  <testcase classname="Testing_Automation_project.Yahoo_SignUP_Auto" name="yahooCreateAccountTest" time="12.282"/>
  <system-out/>
</testsuite> <!-- Testing_Automation_project.Yahoo_SignUP_Auto -->
