<?xml version="1.0" encoding="UTF-8"?>
<!-- Generated by org.testng.reporters.JUnitReportReporter -->
<testsuite hostname="LAPTOP-LVRJVU6R" failures="0" tests="6" name="Testing_Automation_project.TestNG_Features" time="0.016" errors="0" timestamp="2021-12-17T20:00:28 IST" skipped="0">
  <testcase classname="Testing_Automation_project.TestNG_Features" name="sum" time="0.011"/>
  <system-out/>
  <testcase classname="Testing_Automation_project.TestNG_Features" name="sum" time="0.001"/>
  <system-out/>
  <testcase classname="Testing_Automation_project.TestNG_Features" name="sum" time="0.001"/>
  <system-out/>
  <testcase classname="Testing_Automation_project.TestNG_Features" name="sum" time="0.001"/>
  <system-out/>
  <testcase classname="Testing_Automation_project.TestNG_Features" name="test1" time="0.001"/>
  <system-out/>
  <testcase classname="Testing_Automation_project.TestNG_Features" name="sum" time="0.001"/>
  <system-out/>
</testsuite> <!-- Testing_Automation_project.TestNG_Features -->
